0 info it worked if it ends with ok
1 verbose cli [ 'D:\\Program Files\\nodejs\\node.exe',
1 verbose cli   'D:\\Program Files\\nodejs\\node_modules\\npm\\bin\\npm-cli.js',
1 verbose cli   'install',
1 verbose cli   '-g',
1 verbose cli   'bower' ]
2 info using npm@3.7.3
3 info using node@v5.9.1
4 silly loadCurrentTree Starting
5 silly install loadCurrentTree
6 silly install readGlobalPackageData
7 silly fetchPackageMetaData bower
8 silly fetchNamedPackageData bower
9 silly mapToRegistry name bower
10 silly mapToRegistry using default registry
11 silly mapToRegistry registry https://registry.npmjs.org/
12 silly mapToRegistry uri https://registry.npmjs.org/bower
13 verbose request uri https://registry.npmjs.org/bower
14 verbose request no auth needed
15 info attempt registry request try #1 at 15:58:44
16 verbose request id 808a5975d6c9226d
17 http request GET https://registry.npmjs.org/bower
18 http 200 https://registry.npmjs.org/bower
19 verbose headers { server: 'CouchDB/1.5.0 (Erlang OTP/R16B03)',
19 verbose headers   etag: '"7HP31KMIUEN58TELNZL4W7GL3"',
19 verbose headers   'content-type': 'application/json',
19 verbose headers   'content-encoding': 'gzip',
19 verbose headers   'cache-control': 'max-age=300',
19 verbose headers   'content-length': '20378',
19 verbose headers   'accept-ranges': 'bytes',
19 verbose headers   date: 'Mon, 25 Apr 2016 07:58:45 GMT',
19 verbose headers   via: '1.1 varnish',
19 verbose headers   age: '117',
19 verbose headers   connection: 'keep-alive',
19 verbose headers   'x-served-by': 'cache-ams4131-AMS',
19 verbose headers   'x-cache': 'HIT',
19 verbose headers   'x-cache-hits': '4',
19 verbose headers   'x-timer': 'S1461571125.546143,VS0,VE0',
19 verbose headers   vary: 'Accept-Encoding' }
20 silly get cb [ 200,
20 silly get   { server: 'CouchDB/1.5.0 (Erlang OTP/R16B03)',
20 silly get     etag: '"7HP31KMIUEN58TELNZL4W7GL3"',
20 silly get     'content-type': 'application/json',
20 silly get     'content-encoding': 'gzip',
20 silly get     'cache-control': 'max-age=300',
20 silly get     'content-length': '20378',
20 silly get     'accept-ranges': 'bytes',
20 silly get     date: 'Mon, 25 Apr 2016 07:58:45 GMT',
20 silly get     via: '1.1 varnish',
20 silly get     age: '117',
20 silly get     connection: 'keep-alive',
20 silly get     'x-served-by': 'cache-ams4131-AMS',
20 silly get     'x-cache': 'HIT',
20 silly get     'x-cache-hits': '4',
20 silly get     'x-timer': 'S1461571125.546143,VS0,VE0',
20 silly get     vary: 'Accept-Encoding' } ]
21 verbose get saving bower to C:\Users\gu\AppData\Roaming\npm-cache\registry.npmjs.org\bower\.cache.json
22 verbose correctMkdir C:\Users\gu\AppData\Roaming\npm-cache correctMkdir not in flight; initializing
23 silly install normalizeTree
24 silly loadCurrentTree Finishing
25 silly loadIdealTree Starting
26 silly install loadIdealTree
27 silly cloneCurrentTree Starting
28 silly install cloneCurrentTreeToIdealTree
29 silly cloneCurrentTree Finishing
30 silly loadShrinkwrap Starting
31 silly install loadShrinkwrap
32 silly loadShrinkwrap Finishing
33 silly loadAllDepsIntoIdealTree Starting
34 silly install loadAllDepsIntoIdealTree
35 silly resolveWithNewModule bower@1.7.9 checking installable status
36 silly cache add args [ 'bower', null ]
37 verbose cache add spec bower
38 silly cache add parsed spec Result {
38 silly cache add   raw: 'bower',
38 silly cache add   scope: null,
38 silly cache add   name: 'bower',
38 silly cache add   rawSpec: '',
38 silly cache add   spec: 'latest',
38 silly cache add   type: 'tag' }
39 silly addNamed bower@latest
40 verbose addNamed "latest" is being treated as a dist-tag for bower
41 info addNameTag [ 'bower', 'latest' ]
42 silly mapToRegistry name bower
43 silly mapToRegistry using default registry
44 silly mapToRegistry registry https://registry.npmjs.org/
45 silly mapToRegistry uri https://registry.npmjs.org/bower
46 verbose addNameTag registry:https://registry.npmjs.org/bower not in flight; fetching
47 verbose get https://registry.npmjs.org/bower not expired, no request
48 silly addNameTag next cb for bower with tag latest
49 silly addNamed bower@1.7.9
50 verbose addNamed "1.7.9" is a plain semver version for bower
51 silly mapToRegistry name bower
52 silly mapToRegistry using default registry
53 silly mapToRegistry registry https://registry.npmjs.org/
54 silly mapToRegistry uri https://registry.npmjs.org/bower
55 verbose addRemoteTarball https://registry.npmjs.org/bower/-/bower-1.7.9.tgz not in flight; adding
56 verbose addRemoteTarball [ 'https://registry.npmjs.org/bower/-/bower-1.7.9.tgz',
56 verbose addRemoteTarball   'b7296c2393e0d75edaa6ca39648132dd255812b0' ]
57 info retry fetch attempt 1 at 15:58:47
58 info attempt registry request try #1 at 15:58:47
59 http fetch GET https://registry.npmjs.org/bower/-/bower-1.7.9.tgz
60 http fetch 200 https://registry.npmjs.org/bower/-/bower-1.7.9.tgz
61 info retry will retry, error on last attempt: Error: read ECONNRESET
62 info retry will retry, error on last attempt: Error: read ECONNRESET
63 silly fetchAndShaCheck shasum b7296c2393e0d75edaa6ca39648132dd255812b0
64 silly rollbackFailedOptional Starting
65 silly rollbackFailedOptional Finishing
66 silly runTopLevelLifecycles Starting
67 silly runTopLevelLifecycles Finishing
68 silly install printInstalled
69 verbose stack Error: shasum check failed for C:\Users\gu\AppData\Local\Temp\npm-7164-61b52bb4\registry.npmjs.org\bower\-\bower-1.7.9.tgz
69 verbose stack Expected: b7296c2393e0d75edaa6ca39648132dd255812b0
69 verbose stack Actual:   87cab292494a759f80f5274b915ecfce2df2b57d
69 verbose stack From:     https://registry.npmjs.org/bower/-/bower-1.7.9.tgz
69 verbose stack     at D:\Program Files\nodejs\node_modules\npm\node_modules\sha\index.js:25:8
69 verbose stack     at ReadStream.<anonymous> (D:\Program Files\nodejs\node_modules\npm\node_modules\sha\index.js:72:7)
69 verbose stack     at emitNone (events.js:85:20)
69 verbose stack     at ReadStream.emit (events.js:179:7)
69 verbose stack     at endReadableNT (_stream_readable.js:913:12)
69 verbose stack     at _combinedTickCallback (node.js:383:13)
69 verbose stack     at process._tickCallback (node.js:407:11)
70 verbose cwd D:\ionic\Bow
71 error Windows_NT 6.1.7601
72 error argv "D:\\Program Files\\nodejs\\node.exe" "D:\\Program Files\\nodejs\\node_modules\\npm\\bin\\npm-cli.js" "install" "-g" "bower"
73 error node v5.9.1
74 error npm  v3.7.3
75 error shasum check failed for C:\Users\gu\AppData\Local\Temp\npm-7164-61b52bb4\registry.npmjs.org\bower\-\bower-1.7.9.tgz
75 error Expected: b7296c2393e0d75edaa6ca39648132dd255812b0
75 error Actual:   87cab292494a759f80f5274b915ecfce2df2b57d
75 error From:     https://registry.npmjs.org/bower/-/bower-1.7.9.tgz
76 error If you need help, you may report this error at:
76 error     <https://github.com/npm/npm/issues>
77 verbose exit [ 1, true ]
